mode: set
ecommerce/delivery/controllers/category/category.go:18.80,20.2 1 1
ecommerce/delivery/controllers/category/category.go:22.68,23.36 1 1
ecommerce/delivery/controllers/category/category.go:23.36,25.17 2 1
ecommerce/delivery/controllers/category/category.go:29.3,33.41 2 1
ecommerce/delivery/controllers/category/category.go:25.17,27.4 1 1
ecommerce/delivery/controllers/category/category.go:37.65,38.36 1 1
ecommerce/delivery/controllers/category/category.go:38.36,40.17 2 1
ecommerce/delivery/controllers/category/category.go:44.3,45.17 2 1
ecommerce/delivery/controllers/category/category.go:49.3,53.41 2 1
ecommerce/delivery/controllers/category/category.go:40.17,42.4 1 1
ecommerce/delivery/controllers/category/category.go:45.17,47.4 1 1
ecommerce/delivery/controllers/category/category.go:57.66,58.36 1 1
ecommerce/delivery/controllers/category/category.go:58.36,63.22 4 1
ecommerce/delivery/controllers/category/category.go:67.3,68.49 2 1
ecommerce/delivery/controllers/category/category.go:72.3,77.17 3 1
ecommerce/delivery/controllers/category/category.go:81.3,86.41 2 1
ecommerce/delivery/controllers/category/category.go:63.22,65.4 1 1
ecommerce/delivery/controllers/category/category.go:68.49,70.4 1 0
ecommerce/delivery/controllers/category/category.go:77.17,79.4 1 1
ecommerce/delivery/controllers/category/category.go:90.68,91.36 1 1
ecommerce/delivery/controllers/category/category.go:91.36,97.22 5 1
ecommerce/delivery/controllers/category/category.go:101.3,102.49 2 1
ecommerce/delivery/controllers/category/category.go:106.3,110.60 2 1
ecommerce/delivery/controllers/category/category.go:114.3,119.41 2 1
ecommerce/delivery/controllers/category/category.go:97.22,99.4 1 1
ecommerce/delivery/controllers/category/category.go:102.49,104.4 1 0
ecommerce/delivery/controllers/category/category.go:110.60,112.4 1 1
ecommerce/delivery/controllers/category/category.go:123.68,124.36 1 1
ecommerce/delivery/controllers/category/category.go:124.36,130.22 5 1
ecommerce/delivery/controllers/category/category.go:134.3,135.17 2 1
ecommerce/delivery/controllers/category/category.go:139.3,143.41 2 1
ecommerce/delivery/controllers/category/category.go:130.22,132.4 1 1
ecommerce/delivery/controllers/category/category.go:135.17,137.4 1 1
