mode: set
ecommerce/repository/category/category.go:14.55,16.2 1 1
ecommerce/repository/category/category.go:18.69,20.54 2 1
ecommerce/repository/category/category.go:25.2,25.24 1 1
ecommerce/repository/category/category.go:20.54,23.3 2 1
ecommerce/repository/category/category.go:28.78,30.65 2 1
ecommerce/repository/category/category.go:34.2,34.22 1 1
ecommerce/repository/category/category.go:30.65,33.3 2 1
ecommerce/repository/category/category.go:37.96,38.55 1 1
ecommerce/repository/category/category.go:41.2,41.25 1 1
ecommerce/repository/category/category.go:38.55,40.3 1 1
ecommerce/repository/category/category.go:44.112,46.72 2 1
ecommerce/repository/category/category.go:50.2,52.97 2 1
ecommerce/repository/category/category.go:56.2,58.25 2 1
ecommerce/repository/category/category.go:46.72,48.3 1 1
ecommerce/repository/category/category.go:52.97,54.3 1 0
ecommerce/repository/category/category.go:61.81,63.72 2 1
ecommerce/repository/category/category.go:66.2,66.54 1 1
ecommerce/repository/category/category.go:69.2,69.22 1 1
ecommerce/repository/category/category.go:63.72,65.3 1 1
ecommerce/repository/category/category.go:66.54,68.3 1 0
