mode: set
ecommerce/delivery/controllers/user/user.go:18.66,20.2 1 1
ecommerce/delivery/controllers/user/user.go:22.58,23.36 1 0
ecommerce/delivery/controllers/user/user.go:23.36,28.17 5 0
ecommerce/delivery/controllers/user/user.go:32.3,37.41 2 0
ecommerce/delivery/controllers/user/user.go:28.17,30.4 1 0
ecommerce/delivery/controllers/user/user.go:41.63,43.36 1 1
ecommerce/delivery/controllers/user/user.go:43.36,45.45 2 1
ecommerce/delivery/controllers/user/user.go:49.3,60.17 4 1
ecommerce/delivery/controllers/user/user.go:64.3,69.41 2 1
ecommerce/delivery/controllers/user/user.go:45.45,47.4 1 0
ecommerce/delivery/controllers/user/user.go:60.17,62.4 1 0
ecommerce/delivery/controllers/user/user.go:73.61,75.36 1 0
ecommerce/delivery/controllers/user/user.go:75.36,80.48 5 0
ecommerce/delivery/controllers/user/user.go:84.3,94.59 3 0
ecommerce/delivery/controllers/user/user.go:98.3,103.41 2 0
ecommerce/delivery/controllers/user/user.go:80.48,82.4 1 0
ecommerce/delivery/controllers/user/user.go:94.59,96.4 1 0
ecommerce/delivery/controllers/user/user.go:107.61,109.36 1 0
ecommerce/delivery/controllers/user/user.go:109.36,114.17 5 0
ecommerce/delivery/controllers/user/user.go:118.3,123.41 2 0
ecommerce/delivery/controllers/user/user.go:114.17,116.4 1 0
ecommerce/repository/auth/auth.go:13.47,15.2 1 1
ecommerce/repository/auth/auth.go:17.91,20.99 2 1
ecommerce/repository/auth/auth.go:24.2,24.18 1 1
ecommerce/repository/auth/auth.go:20.99,22.3 1 0
ecommerce/repository/products/product.go:15.53,17.2 1 1
ecommerce/repository/products/product.go:19.75,21.62 2 1
ecommerce/repository/products/product.go:24.2,24.21 1 1
ecommerce/repository/products/product.go:21.62,23.3 1 1
ecommerce/repository/products/product.go:27.92,29.54 1 1
ecommerce/repository/products/product.go:32.2,32.24 1 0
ecommerce/repository/products/product.go:29.54,31.3 1 1
ecommerce/repository/products/product.go:35.107,37.71 2 1
ecommerce/repository/products/product.go:41.2,49.24 7 0
ecommerce/repository/products/product.go:37.71,39.3 1 1
ecommerce/repository/products/product.go:52.78,55.64 2 1
ecommerce/repository/products/product.go:59.2,59.21 1 1
ecommerce/repository/products/product.go:55.64,57.3 1 1
ecommerce/repository/products/product.go:64.120,73.42 5 0
ecommerce/repository/products/product.go:76.2,78.34 2 0
ecommerce/repository/products/product.go:106.2,106.17 1 0
ecommerce/repository/products/product.go:110.2,115.26 5 0
ecommerce/repository/products/product.go:124.2,124.37 1 0
ecommerce/repository/products/product.go:127.2,129.57 3 0
ecommerce/repository/products/product.go:73.42,75.3 1 0
ecommerce/repository/products/product.go:78.34,81.21 2 0
ecommerce/repository/products/product.go:81.21,83.4 1 0
ecommerce/repository/products/product.go:84.8,84.23 1 0
ecommerce/repository/products/product.go:84.23,87.21 2 0
ecommerce/repository/products/product.go:87.21,89.4 1 0
ecommerce/repository/products/product.go:90.8,90.27 1 0
ecommerce/repository/products/product.go:90.27,93.21 2 0
ecommerce/repository/products/product.go:93.21,95.4 1 0
ecommerce/repository/products/product.go:96.8,98.21 2 0
ecommerce/repository/products/product.go:98.21,100.4 1 0
ecommerce/repository/products/product.go:106.17,108.3 1 0
ecommerce/repository/products/product.go:115.26,118.3 2 0
ecommerce/repository/products/product.go:118.8,119.36 1 0
ecommerce/repository/products/product.go:119.36,122.4 2 0
ecommerce/repository/products/product.go:124.37,126.3 1 0
ecommerce/repository/shoppingcart/shoppingcart.go:14.63,16.2 1 1
ecommerce/repository/shoppingcart/shoppingcart.go:17.84,19.77 2 1
ecommerce/repository/shoppingcart/shoppingcart.go:23.2,23.18 1 0
ecommerce/repository/shoppingcart/shoppingcart.go:19.77,22.3 2 1
ecommerce/repository/shoppingcart/shoppingcart.go:25.112,28.87 2 1
ecommerce/repository/shoppingcart/shoppingcart.go:31.2,33.59 2 1
ecommerce/repository/shoppingcart/shoppingcart.go:36.2,36.29 1 0
ecommerce/repository/shoppingcart/shoppingcart.go:28.87,30.3 1 1
ecommerce/repository/shoppingcart/shoppingcart.go:33.59,35.3 1 1
ecommerce/repository/shoppingcart/shoppingcart.go:38.119,40.65 2 1
ecommerce/repository/shoppingcart/shoppingcart.go:44.2,46.18 2 0
ecommerce/repository/shoppingcart/shoppingcart.go:40.65,42.3 1 1
ecommerce/repository/shoppingcart/shoppingcart.go:48.85,50.64 2 1
ecommerce/repository/shoppingcart/shoppingcart.go:53.2,53.50 1 0
ecommerce/repository/shoppingcart/shoppingcart.go:56.2,56.18 1 0
ecommerce/repository/shoppingcart/shoppingcart.go:50.64,52.3 1 1
ecommerce/repository/shoppingcart/shoppingcart.go:53.50,55.3 1 0
ecommerce/repository/users/user.go:13.47,15.2 1 1
ecommerce/repository/users/user.go:17.66,19.57 2 1
ecommerce/repository/users/user.go:22.2,22.18 1 1
ecommerce/repository/users/user.go:19.57,21.3 1 1
ecommerce/repository/users/user.go:25.80,27.71 2 1
ecommerce/repository/users/user.go:30.2,32.21 2 1
ecommerce/repository/users/user.go:27.71,29.3 1 0
ecommerce/repository/users/user.go:35.92,37.65 2 1
ecommerce/repository/users/user.go:41.2,43.21 2 1
ecommerce/repository/users/user.go:37.65,39.3 1 1
ecommerce/repository/users/user.go:46.69,48.65 2 1
ecommerce/repository/users/user.go:51.2,53.18 2 1
ecommerce/repository/users/user.go:48.65,50.3 1 1
ecommerce/repository/category/category.go:14.55,16.2 1 1
ecommerce/repository/category/category.go:18.69,20.54 2 1
ecommerce/repository/category/category.go:25.2,25.24 1 1
ecommerce/repository/category/category.go:20.54,23.3 2 1
ecommerce/repository/category/category.go:28.78,30.65 2 1
ecommerce/repository/category/category.go:34.2,34.22 1 1
ecommerce/repository/category/category.go:30.65,33.3 2 1
ecommerce/repository/category/category.go:37.96,38.55 1 1
ecommerce/repository/category/category.go:41.2,41.25 1 1
ecommerce/repository/category/category.go:38.55,40.3 1 1
ecommerce/repository/category/category.go:44.112,46.72 2 1
ecommerce/repository/category/category.go:50.2,52.97 2 1
ecommerce/repository/category/category.go:56.2,58.25 2 1
ecommerce/repository/category/category.go:46.72,48.3 1 1
ecommerce/repository/category/category.go:52.97,54.3 1 0
ecommerce/repository/category/category.go:61.81,63.72 2 1
ecommerce/repository/category/category.go:66.2,66.54 1 1
ecommerce/repository/category/category.go:69.2,69.22 1 1
ecommerce/repository/category/category.go:63.72,65.3 1 1
ecommerce/repository/category/category.go:66.54,68.3 1 0
ecommerce/repository/orders/order.go:13.49,15.2 1 1
ecommerce/repository/orders/order.go:17.73,19.77 2 1
ecommerce/repository/orders/order.go:22.2,22.20 1 1
ecommerce/repository/orders/order.go:19.77,21.3 1 1
ecommerce/repository/orders/order.go:25.77,27.88 2 1
ecommerce/repository/orders/order.go:30.2,30.19 1 1
ecommerce/repository/orders/order.go:27.88,29.3 1 1
ecommerce/repository/orders/order.go:33.95,36.103 2 1
ecommerce/repository/orders/order.go:40.2,41.41 2 1
ecommerce/repository/orders/order.go:45.2,48.25 2 1
ecommerce/repository/orders/order.go:54.2,54.22 1 1
ecommerce/repository/orders/order.go:36.103,38.3 1 0
ecommerce/repository/orders/order.go:41.41,43.3 1 1
ecommerce/repository/orders/order.go:48.25,49.53 1 1
ecommerce/repository/orders/order.go:49.53,51.4 1 1
ecommerce/repository/orders/order.go:57.80,59.89 2 1
ecommerce/repository/orders/order.go:63.2,69.19 5 1
ecommerce/repository/orders/order.go:59.89,61.3 1 1
ecommerce/repository/orders/order.go:72.108,74.88 2 1
ecommerce/repository/orders/order.go:78.2,84.19 5 1
ecommerce/repository/orders/order.go:74.88,76.3 1 1
ecommerce/repository/orders/order.go:87.79,89.88 2 1
ecommerce/repository/orders/order.go:93.2,97.19 3 1
ecommerce/repository/orders/order.go:89.88,91.3 1 1
