mode: set
ecommerce/delivery/controllers/category/category.go:18.80,20.2 1 1
ecommerce/delivery/controllers/category/category.go:22.68,23.36 1 1
ecommerce/delivery/controllers/category/category.go:23.36,25.17 2 1
ecommerce/delivery/controllers/category/category.go:29.3,33.41 2 1
ecommerce/delivery/controllers/category/category.go:25.17,27.4 1 1
ecommerce/delivery/controllers/category/category.go:37.65,38.36 1 1
ecommerce/delivery/controllers/category/category.go:38.36,40.17 2 1
ecommerce/delivery/controllers/category/category.go:44.3,45.17 2 1
ecommerce/delivery/controllers/category/category.go:49.3,53.41 2 1
ecommerce/delivery/controllers/category/category.go:40.17,42.4 1 1
ecommerce/delivery/controllers/category/category.go:45.17,47.4 1 1
ecommerce/delivery/controllers/category/category.go:57.66,58.36 1 1
ecommerce/delivery/controllers/category/category.go:58.36,63.22 4 1
ecommerce/delivery/controllers/category/category.go:67.3,68.49 2 1
ecommerce/delivery/controllers/category/category.go:72.3,77.17 3 1
ecommerce/delivery/controllers/category/category.go:81.3,86.41 2 1
ecommerce/delivery/controllers/category/category.go:63.22,65.4 1 1
ecommerce/delivery/controllers/category/category.go:68.49,70.4 1 0
ecommerce/delivery/controllers/category/category.go:77.17,79.4 1 1
ecommerce/delivery/controllers/category/category.go:90.68,91.36 1 1
ecommerce/delivery/controllers/category/category.go:91.36,97.22 5 1
ecommerce/delivery/controllers/category/category.go:101.3,102.49 2 1
ecommerce/delivery/controllers/category/category.go:106.3,110.60 2 1
ecommerce/delivery/controllers/category/category.go:114.3,119.41 2 1
ecommerce/delivery/controllers/category/category.go:97.22,99.4 1 1
ecommerce/delivery/controllers/category/category.go:102.49,104.4 1 0
ecommerce/delivery/controllers/category/category.go:110.60,112.4 1 1
ecommerce/delivery/controllers/category/category.go:123.68,124.36 1 1
ecommerce/delivery/controllers/category/category.go:124.36,130.22 5 1
ecommerce/delivery/controllers/category/category.go:134.3,135.17 2 1
ecommerce/delivery/controllers/category/category.go:139.3,143.41 2 1
ecommerce/delivery/controllers/category/category.go:130.22,132.4 1 1
ecommerce/delivery/controllers/category/category.go:135.17,137.4 1 1
ecommerce/delivery/controllers/order/order.go:21.68,23.2 1 1
ecommerce/delivery/controllers/order/order.go:25.63,26.36 1 1
ecommerce/delivery/controllers/order/order.go:26.36,32.17 5 1
ecommerce/delivery/controllers/order/order.go:35.3,39.41 2 1
ecommerce/delivery/controllers/order/order.go:32.17,34.4 1 1
ecommerce/delivery/controllers/order/order.go:43.59,44.36 1 1
ecommerce/delivery/controllers/order/order.go:44.36,46.17 2 1
ecommerce/delivery/controllers/order/order.go:50.3,55.17 5 1
ecommerce/delivery/controllers/order/order.go:58.3,62.41 2 1
ecommerce/delivery/controllers/order/order.go:46.17,48.4 1 1
ecommerce/delivery/controllers/order/order.go:55.17,57.4 1 1
ecommerce/delivery/controllers/order/order.go:66.62,67.36 1 1
ecommerce/delivery/controllers/order/order.go:67.36,81.17 8 1
ecommerce/delivery/controllers/order/order.go:84.3,87.5 1 1
ecommerce/delivery/controllers/order/order.go:81.17,83.4 1 1
ecommerce/delivery/controllers/order/order.go:93.62,94.36 1 1
ecommerce/delivery/controllers/order/order.go:94.36,96.17 2 1
ecommerce/delivery/controllers/order/order.go:100.3,105.32 5 1
ecommerce/delivery/controllers/order/order.go:115.3,116.17 2 1
ecommerce/delivery/controllers/order/order.go:120.3,123.5 1 1
ecommerce/delivery/controllers/order/order.go:96.17,98.4 1 1
ecommerce/delivery/controllers/order/order.go:105.32,113.4 4 1
ecommerce/delivery/controllers/order/order.go:116.17,118.4 1 1
ecommerce/delivery/controllers/order/order.go:127.59,128.36 1 1
ecommerce/delivery/controllers/order/order.go:128.36,130.17 2 1
ecommerce/delivery/controllers/order/order.go:134.3,139.17 5 1
ecommerce/delivery/controllers/order/order.go:143.3,143.29 1 1
ecommerce/delivery/controllers/order/order.go:149.3,159.17 5 1
ecommerce/delivery/controllers/order/order.go:163.3,166.5 1 1
ecommerce/delivery/controllers/order/order.go:130.17,132.4 1 1
ecommerce/delivery/controllers/order/order.go:139.17,141.4 1 1
ecommerce/delivery/controllers/order/order.go:143.29,145.4 1 0
ecommerce/delivery/controllers/order/order.go:159.17,161.4 1 0
ecommerce/delivery/controllers/order/order.go:170.61,171.36 1 1
ecommerce/delivery/controllers/order/order.go:171.36,173.17 2 1
ecommerce/delivery/controllers/order/order.go:177.3,182.17 5 1
ecommerce/delivery/controllers/order/order.go:186.3,186.57 1 1
ecommerce/delivery/controllers/order/order.go:196.3,204.31 4 0
ecommerce/delivery/controllers/order/order.go:173.17,175.4 1 1
ecommerce/delivery/controllers/order/order.go:182.17,184.4 1 1
ecommerce/delivery/controllers/order/order.go:186.57,192.4 2 1
ecommerce/delivery/controllers/order/order.go:204.31,211.4 3 0
ecommerce/delivery/controllers/order/order.go:211.9,218.4 3 0
ecommerce/delivery/controllers/product/product.go:18.76,20.2 1 1
ecommerce/delivery/controllers/product/product.go:22.63,23.36 1 1
ecommerce/delivery/controllers/product/product.go:23.36,25.17 2 1
ecommerce/delivery/controllers/product/product.go:28.3,29.17 2 1
ecommerce/delivery/controllers/product/product.go:33.3,37.41 2 1
ecommerce/delivery/controllers/product/product.go:25.17,27.4 1 1
ecommerce/delivery/controllers/product/product.go:29.17,31.4 1 1
ecommerce/delivery/controllers/product/product.go:41.73,42.36 1 1
ecommerce/delivery/controllers/product/product.go:42.36,47.22 4 1
ecommerce/delivery/controllers/product/product.go:51.3,53.48 2 1
ecommerce/delivery/controllers/product/product.go:56.3,64.17 3 1
ecommerce/delivery/controllers/product/product.go:67.3,70.5 1 1
ecommerce/delivery/controllers/product/product.go:47.22,49.4 1 1
ecommerce/delivery/controllers/product/product.go:53.48,55.4 1 0
ecommerce/delivery/controllers/product/product.go:64.17,66.4 1 1
ecommerce/delivery/controllers/product/product.go:74.66,76.36 1 1
ecommerce/delivery/controllers/product/product.go:76.36,81.22 4 1
ecommerce/delivery/controllers/product/product.go:85.3,86.17 2 1
ecommerce/delivery/controllers/product/product.go:90.3,91.51 2 1
ecommerce/delivery/controllers/product/product.go:95.3,103.62 2 1
ecommerce/delivery/controllers/product/product.go:106.3,106.69 1 1
ecommerce/delivery/controllers/product/product.go:81.22,83.4 1 1
ecommerce/delivery/controllers/product/product.go:86.17,88.4 1 1
ecommerce/delivery/controllers/product/product.go:91.51,93.4 1 0
ecommerce/delivery/controllers/product/product.go:103.62,105.4 1 1
ecommerce/delivery/controllers/product/product.go:109.66,111.36 1 1
ecommerce/delivery/controllers/product/product.go:111.36,116.22 4 1
ecommerce/delivery/controllers/product/product.go:120.3,122.17 2 1
ecommerce/delivery/controllers/product/product.go:126.3,126.47 1 1
ecommerce/delivery/controllers/product/product.go:129.3,129.69 1 1
ecommerce/delivery/controllers/product/product.go:116.22,118.4 1 1
ecommerce/delivery/controllers/product/product.go:122.17,124.4 1 1
ecommerce/delivery/controllers/product/product.go:126.47,128.4 1 1
ecommerce/delivery/controllers/product/product.go:133.59,134.36 1 1
ecommerce/delivery/controllers/product/product.go:134.36,147.27 8 1
ecommerce/delivery/controllers/product/product.go:154.3,162.5 2 1
ecommerce/delivery/controllers/product/product.go:147.27,152.4 1 1
ecommerce/delivery/controllers/shoppingcart/shoppingcart.go:18.96,20.2 1 1
ecommerce/delivery/controllers/shoppingcart/shoppingcart.go:21.72,22.36 1 1
ecommerce/delivery/controllers/shoppingcart/shoppingcart.go:22.36,28.17 5 1
ecommerce/delivery/controllers/shoppingcart/shoppingcart.go:32.3,36.41 2 1
ecommerce/delivery/controllers/shoppingcart/shoppingcart.go:28.17,30.4 1 1
ecommerce/delivery/controllers/shoppingcart/shoppingcart.go:40.76,41.36 1 1
ecommerce/delivery/controllers/shoppingcart/shoppingcart.go:41.36,47.53 5 1
ecommerce/delivery/controllers/shoppingcart/shoppingcart.go:50.3,58.17 3 1
ecommerce/delivery/controllers/shoppingcart/shoppingcart.go:61.3,64.5 1 1
ecommerce/delivery/controllers/shoppingcart/shoppingcart.go:47.53,49.4 1 0
ecommerce/delivery/controllers/shoppingcart/shoppingcart.go:58.17,60.4 1 1
ecommerce/delivery/controllers/shoppingcart/shoppingcart.go:69.76,71.36 1 1
ecommerce/delivery/controllers/shoppingcart/shoppingcart.go:71.36,74.17 2 1
ecommerce/delivery/controllers/shoppingcart/shoppingcart.go:77.3,82.56 5 1
ecommerce/delivery/controllers/shoppingcart/shoppingcart.go:88.3,93.74 2 1
ecommerce/delivery/controllers/shoppingcart/shoppingcart.go:96.3,96.69 1 1
ecommerce/delivery/controllers/shoppingcart/shoppingcart.go:74.17,76.4 1 1
ecommerce/delivery/controllers/shoppingcart/shoppingcart.go:82.56,84.4 1 0
ecommerce/delivery/controllers/shoppingcart/shoppingcart.go:93.74,95.4 1 1
ecommerce/delivery/controllers/shoppingcart/shoppingcart.go:100.76,102.36 1 1
ecommerce/delivery/controllers/shoppingcart/shoppingcart.go:102.36,105.17 2 1
ecommerce/delivery/controllers/shoppingcart/shoppingcart.go:108.3,115.55 4 1
ecommerce/delivery/controllers/shoppingcart/shoppingcart.go:118.3,118.69 1 1
ecommerce/delivery/controllers/shoppingcart/shoppingcart.go:105.17,107.4 1 1
ecommerce/delivery/controllers/shoppingcart/shoppingcart.go:115.55,117.4 1 1
ecommerce/delivery/controllers/user/user.go:18.66,20.2 1 1
ecommerce/delivery/controllers/user/user.go:22.58,23.36 1 1
ecommerce/delivery/controllers/user/user.go:23.36,28.17 5 1
ecommerce/delivery/controllers/user/user.go:32.3,37.41 2 1
ecommerce/delivery/controllers/user/user.go:28.17,30.4 1 1
ecommerce/delivery/controllers/user/user.go:41.63,43.36 1 1
ecommerce/delivery/controllers/user/user.go:43.36,45.45 2 1
ecommerce/delivery/controllers/user/user.go:49.3,60.17 4 1
ecommerce/delivery/controllers/user/user.go:64.3,69.41 2 1
ecommerce/delivery/controllers/user/user.go:45.45,47.4 1 0
ecommerce/delivery/controllers/user/user.go:60.17,62.4 1 1
ecommerce/delivery/controllers/user/user.go:73.61,75.36 1 1
ecommerce/delivery/controllers/user/user.go:75.36,80.48 5 1
ecommerce/delivery/controllers/user/user.go:84.3,94.59 3 1
ecommerce/delivery/controllers/user/user.go:98.3,103.41 2 1
ecommerce/delivery/controllers/user/user.go:80.48,82.4 1 0
ecommerce/delivery/controllers/user/user.go:94.59,96.4 1 1
ecommerce/delivery/controllers/user/user.go:107.61,109.36 1 1
ecommerce/delivery/controllers/user/user.go:109.36,114.17 5 1
ecommerce/delivery/controllers/user/user.go:118.3,123.41 2 1
ecommerce/delivery/controllers/user/user.go:114.17,116.4 1 1
ecommerce/repository/auth/auth.go:13.47,15.2 1 1
ecommerce/repository/auth/auth.go:17.91,20.99 2 1
ecommerce/repository/auth/auth.go:24.2,24.18 1 1
ecommerce/repository/auth/auth.go:20.99,22.3 1 1
ecommerce/repository/category/category.go:14.55,16.2 1 1
ecommerce/repository/category/category.go:18.69,20.54 2 1
ecommerce/repository/category/category.go:25.2,25.24 1 1
ecommerce/repository/category/category.go:20.54,23.3 2 1
ecommerce/repository/category/category.go:28.78,30.65 2 1
ecommerce/repository/category/category.go:34.2,34.22 1 1
ecommerce/repository/category/category.go:30.65,33.3 2 1
ecommerce/repository/category/category.go:37.96,38.55 1 1
ecommerce/repository/category/category.go:41.2,41.25 1 1
ecommerce/repository/category/category.go:38.55,40.3 1 1
ecommerce/repository/category/category.go:44.112,46.72 2 1
ecommerce/repository/category/category.go:50.2,58.25 3 1
ecommerce/repository/category/category.go:46.72,48.3 1 1
ecommerce/repository/category/category.go:61.81,63.72 2 1
ecommerce/repository/category/category.go:66.2,67.22 2 1
ecommerce/repository/category/category.go:63.72,65.3 1 1
ecommerce/repository/orders/order.go:13.49,15.2 1 1
ecommerce/repository/orders/order.go:17.73,19.77 2 1
ecommerce/repository/orders/order.go:22.2,22.20 1 1
ecommerce/repository/orders/order.go:19.77,21.3 1 1
ecommerce/repository/orders/order.go:25.77,27.88 2 1
ecommerce/repository/orders/order.go:30.2,30.19 1 1
ecommerce/repository/orders/order.go:27.88,29.3 1 1
ecommerce/repository/orders/order.go:33.95,36.103 2 1
ecommerce/repository/orders/order.go:40.2,41.41 2 1
ecommerce/repository/orders/order.go:45.2,48.25 2 1
ecommerce/repository/orders/order.go:52.2,52.22 1 1
ecommerce/repository/orders/order.go:36.103,38.3 1 1
ecommerce/repository/orders/order.go:41.41,43.3 1 1
ecommerce/repository/orders/order.go:48.25,50.3 1 1
ecommerce/repository/orders/order.go:55.80,57.89 2 1
ecommerce/repository/orders/order.go:61.2,67.19 5 1
ecommerce/repository/orders/order.go:57.89,59.3 1 1
ecommerce/repository/orders/order.go:70.108,72.88 2 1
ecommerce/repository/orders/order.go:76.2,82.19 5 1
ecommerce/repository/orders/order.go:72.88,74.3 1 1
ecommerce/repository/orders/order.go:85.79,87.88 2 1
ecommerce/repository/orders/order.go:91.2,95.19 3 1
ecommerce/repository/orders/order.go:87.88,89.3 1 1
ecommerce/repository/products/product.go:15.53,17.2 1 1
ecommerce/repository/products/product.go:19.75,21.62 2 1
ecommerce/repository/products/product.go:24.2,24.21 1 1
ecommerce/repository/products/product.go:21.62,23.3 1 1
ecommerce/repository/products/product.go:27.92,29.54 1 1
ecommerce/repository/products/product.go:32.2,32.24 1 1
ecommerce/repository/products/product.go:29.54,31.3 1 1
ecommerce/repository/products/product.go:35.107,37.71 2 1
ecommerce/repository/products/product.go:41.2,49.24 7 1
ecommerce/repository/products/product.go:37.71,39.3 1 1
ecommerce/repository/products/product.go:52.78,55.64 2 1
ecommerce/repository/products/product.go:59.2,59.21 1 1
ecommerce/repository/products/product.go:55.64,57.3 1 1
ecommerce/repository/products/product.go:64.120,73.42 5 1
ecommerce/repository/products/product.go:76.2,78.34 2 1
ecommerce/repository/products/product.go:106.2,106.17 1 1
ecommerce/repository/products/product.go:110.2,115.26 5 1
ecommerce/repository/products/product.go:124.2,124.37 1 1
ecommerce/repository/products/product.go:127.2,129.57 3 1
ecommerce/repository/products/product.go:73.42,75.3 1 0
ecommerce/repository/products/product.go:78.34,81.21 2 0
ecommerce/repository/products/product.go:81.21,83.4 1 0
ecommerce/repository/products/product.go:84.8,84.23 1 1
ecommerce/repository/products/product.go:84.23,87.21 2 0
ecommerce/repository/products/product.go:87.21,89.4 1 0
ecommerce/repository/products/product.go:90.8,90.27 1 1
ecommerce/repository/products/product.go:90.27,93.21 2 0
ecommerce/repository/products/product.go:93.21,95.4 1 0
ecommerce/repository/products/product.go:96.8,98.21 2 1
ecommerce/repository/products/product.go:98.21,100.4 1 0
ecommerce/repository/products/product.go:106.17,108.3 1 1
ecommerce/repository/products/product.go:115.26,118.3 2 1
ecommerce/repository/products/product.go:118.8,119.36 1 0
ecommerce/repository/products/product.go:119.36,122.4 2 0
ecommerce/repository/products/product.go:124.37,126.3 1 0
ecommerce/repository/shoppingcart/shoppingcart.go:14.63,16.2 1 1
ecommerce/repository/shoppingcart/shoppingcart.go:17.84,19.77 2 1
ecommerce/repository/shoppingcart/shoppingcart.go:23.2,23.18 1 1
ecommerce/repository/shoppingcart/shoppingcart.go:19.77,22.3 2 1
ecommerce/repository/shoppingcart/shoppingcart.go:25.112,28.87 2 1
ecommerce/repository/shoppingcart/shoppingcart.go:31.2,34.29 3 1
ecommerce/repository/shoppingcart/shoppingcart.go:28.87,30.3 1 1
ecommerce/repository/shoppingcart/shoppingcart.go:36.127,38.87 2 1
ecommerce/repository/shoppingcart/shoppingcart.go:42.2,44.18 2 1
ecommerce/repository/shoppingcart/shoppingcart.go:38.87,40.3 1 1
ecommerce/repository/shoppingcart/shoppingcart.go:46.93,49.16 3 1
ecommerce/repository/shoppingcart/shoppingcart.go:52.2,52.18 1 1
ecommerce/repository/shoppingcart/shoppingcart.go:49.16,51.3 1 1
ecommerce/repository/users/user.go:13.47,15.2 1 1
ecommerce/repository/users/user.go:17.66,19.57 2 1
ecommerce/repository/users/user.go:22.2,22.18 1 1
ecommerce/repository/users/user.go:19.57,21.3 1 1
ecommerce/repository/users/user.go:25.80,27.71 2 1
ecommerce/repository/users/user.go:30.2,32.21 2 1
ecommerce/repository/users/user.go:27.71,29.3 1 1
ecommerce/repository/users/user.go:35.92,37.65 2 1
ecommerce/repository/users/user.go:41.2,43.21 2 1
ecommerce/repository/users/user.go:37.65,39.3 1 1
ecommerce/repository/users/user.go:46.69,48.65 2 1
ecommerce/repository/users/user.go:51.2,53.18 2 1
ecommerce/repository/users/user.go:48.65,50.3 1 1
