mode: set
ecommerce/repository/products/product.go:15.53,17.2 1 1
ecommerce/repository/products/product.go:19.75,21.62 2 1
ecommerce/repository/products/product.go:24.2,24.21 1 1
ecommerce/repository/products/product.go:21.62,23.3 1 1
ecommerce/repository/products/product.go:27.92,29.54 1 1
ecommerce/repository/products/product.go:32.2,32.24 1 1
ecommerce/repository/products/product.go:29.54,31.3 1 1
ecommerce/repository/products/product.go:35.107,37.71 2 1
ecommerce/repository/products/product.go:41.2,49.24 7 1
ecommerce/repository/products/product.go:37.71,39.3 1 1
ecommerce/repository/products/product.go:52.78,55.64 2 1
ecommerce/repository/products/product.go:59.2,59.21 1 1
ecommerce/repository/products/product.go:55.64,57.3 1 1
ecommerce/repository/products/product.go:64.120,73.42 5 1
ecommerce/repository/products/product.go:76.2,78.34 2 1
ecommerce/repository/products/product.go:106.2,106.17 1 1
ecommerce/repository/products/product.go:110.2,115.26 5 1
ecommerce/repository/products/product.go:124.2,124.37 1 1
ecommerce/repository/products/product.go:127.2,129.57 3 1
ecommerce/repository/products/product.go:73.42,75.3 1 0
ecommerce/repository/products/product.go:78.34,81.21 2 0
ecommerce/repository/products/product.go:81.21,83.4 1 0
ecommerce/repository/products/product.go:84.8,84.23 1 1
ecommerce/repository/products/product.go:84.23,87.21 2 0
ecommerce/repository/products/product.go:87.21,89.4 1 0
ecommerce/repository/products/product.go:90.8,90.27 1 1
ecommerce/repository/products/product.go:90.27,93.21 2 0
ecommerce/repository/products/product.go:93.21,95.4 1 0
ecommerce/repository/products/product.go:96.8,98.21 2 1
ecommerce/repository/products/product.go:98.21,100.4 1 0
ecommerce/repository/products/product.go:106.17,108.3 1 1
ecommerce/repository/products/product.go:115.26,118.3 2 1
ecommerce/repository/products/product.go:118.8,119.36 1 0
ecommerce/repository/products/product.go:119.36,122.4 2 0
ecommerce/repository/products/product.go:124.37,126.3 1 0
