mode: set
ecommerce/delivery/controllers/order/order.go:21.68,23.2 1 1
ecommerce/delivery/controllers/order/order.go:25.63,26.36 1 1
ecommerce/delivery/controllers/order/order.go:26.36,32.17 5 1
ecommerce/delivery/controllers/order/order.go:35.3,39.41 2 1
ecommerce/delivery/controllers/order/order.go:32.17,34.4 1 1
ecommerce/delivery/controllers/order/order.go:43.59,44.36 1 1
ecommerce/delivery/controllers/order/order.go:44.36,46.17 2 1
ecommerce/delivery/controllers/order/order.go:50.3,55.17 5 1
ecommerce/delivery/controllers/order/order.go:58.3,62.41 2 1
ecommerce/delivery/controllers/order/order.go:46.17,48.4 1 1
ecommerce/delivery/controllers/order/order.go:55.17,57.4 1 1
ecommerce/delivery/controllers/order/order.go:66.62,67.36 1 1
ecommerce/delivery/controllers/order/order.go:67.36,81.17 8 1
ecommerce/delivery/controllers/order/order.go:84.3,87.5 1 1
ecommerce/delivery/controllers/order/order.go:81.17,83.4 1 1
ecommerce/delivery/controllers/order/order.go:93.62,94.36 1 1
ecommerce/delivery/controllers/order/order.go:94.36,96.17 2 1
ecommerce/delivery/controllers/order/order.go:100.3,105.32 5 1
ecommerce/delivery/controllers/order/order.go:115.3,116.17 2 1
ecommerce/delivery/controllers/order/order.go:120.3,123.5 1 1
ecommerce/delivery/controllers/order/order.go:96.17,98.4 1 1
ecommerce/delivery/controllers/order/order.go:105.32,113.4 4 1
ecommerce/delivery/controllers/order/order.go:116.17,118.4 1 1
ecommerce/delivery/controllers/order/order.go:127.59,128.36 1 1
ecommerce/delivery/controllers/order/order.go:128.36,130.17 2 1
ecommerce/delivery/controllers/order/order.go:134.3,139.17 5 1
ecommerce/delivery/controllers/order/order.go:143.3,143.29 1 1
ecommerce/delivery/controllers/order/order.go:149.3,159.17 5 1
ecommerce/delivery/controllers/order/order.go:163.3,166.5 1 1
ecommerce/delivery/controllers/order/order.go:130.17,132.4 1 1
ecommerce/delivery/controllers/order/order.go:139.17,141.4 1 1
ecommerce/delivery/controllers/order/order.go:143.29,145.4 1 0
ecommerce/delivery/controllers/order/order.go:159.17,161.4 1 0
ecommerce/delivery/controllers/order/order.go:170.61,171.36 1 1
ecommerce/delivery/controllers/order/order.go:171.36,173.17 2 1
ecommerce/delivery/controllers/order/order.go:177.3,182.17 5 1
ecommerce/delivery/controllers/order/order.go:186.3,186.57 1 1
ecommerce/delivery/controllers/order/order.go:196.3,204.31 4 0
ecommerce/delivery/controllers/order/order.go:173.17,175.4 1 1
ecommerce/delivery/controllers/order/order.go:182.17,184.4 1 1
ecommerce/delivery/controllers/order/order.go:186.57,192.4 2 1
ecommerce/delivery/controllers/order/order.go:204.31,211.4 3 0
ecommerce/delivery/controllers/order/order.go:211.9,218.4 3 0
