mode: set
ecommerce/delivery/controllers/product/product.go:18.76,20.2 1 1
ecommerce/delivery/controllers/product/product.go:22.63,23.36 1 1
ecommerce/delivery/controllers/product/product.go:23.36,25.17 2 1
ecommerce/delivery/controllers/product/product.go:28.3,29.17 2 1
ecommerce/delivery/controllers/product/product.go:33.3,37.41 2 1
ecommerce/delivery/controllers/product/product.go:25.17,27.4 1 1
ecommerce/delivery/controllers/product/product.go:29.17,31.4 1 1
ecommerce/delivery/controllers/product/product.go:41.73,42.36 1 1
ecommerce/delivery/controllers/product/product.go:42.36,47.22 4 1
ecommerce/delivery/controllers/product/product.go:51.3,53.48 2 1
ecommerce/delivery/controllers/product/product.go:56.3,64.17 3 1
ecommerce/delivery/controllers/product/product.go:67.3,70.5 1 1
ecommerce/delivery/controllers/product/product.go:47.22,49.4 1 1
ecommerce/delivery/controllers/product/product.go:53.48,55.4 1 0
ecommerce/delivery/controllers/product/product.go:64.17,66.4 1 1
ecommerce/delivery/controllers/product/product.go:74.66,76.36 1 1
ecommerce/delivery/controllers/product/product.go:76.36,81.22 4 1
ecommerce/delivery/controllers/product/product.go:85.3,86.17 2 1
ecommerce/delivery/controllers/product/product.go:90.3,91.51 2 1
ecommerce/delivery/controllers/product/product.go:95.3,103.62 2 1
ecommerce/delivery/controllers/product/product.go:106.3,106.69 1 1
ecommerce/delivery/controllers/product/product.go:81.22,83.4 1 1
ecommerce/delivery/controllers/product/product.go:86.17,88.4 1 1
ecommerce/delivery/controllers/product/product.go:91.51,93.4 1 0
ecommerce/delivery/controllers/product/product.go:103.62,105.4 1 1
ecommerce/delivery/controllers/product/product.go:109.66,111.36 1 1
ecommerce/delivery/controllers/product/product.go:111.36,116.22 4 1
ecommerce/delivery/controllers/product/product.go:120.3,122.17 2 1
ecommerce/delivery/controllers/product/product.go:126.3,126.47 1 1
ecommerce/delivery/controllers/product/product.go:129.3,129.69 1 1
ecommerce/delivery/controllers/product/product.go:116.22,118.4 1 1
ecommerce/delivery/controllers/product/product.go:122.17,124.4 1 1
ecommerce/delivery/controllers/product/product.go:126.47,128.4 1 1
ecommerce/delivery/controllers/product/product.go:133.59,134.36 1 1
ecommerce/delivery/controllers/product/product.go:134.36,147.27 8 1
ecommerce/delivery/controllers/product/product.go:154.3,162.5 2 1
ecommerce/delivery/controllers/product/product.go:147.27,152.4 1 1
