mode: set
ecommerce/delivery/controllers/user/user.go:18.66,20.2 1 1
ecommerce/delivery/controllers/user/user.go:22.58,23.36 1 1
ecommerce/delivery/controllers/user/user.go:23.36,28.17 5 1
ecommerce/delivery/controllers/user/user.go:32.3,37.41 2 1
ecommerce/delivery/controllers/user/user.go:28.17,30.4 1 1
ecommerce/delivery/controllers/user/user.go:41.63,43.36 1 1
ecommerce/delivery/controllers/user/user.go:43.36,45.45 2 1
ecommerce/delivery/controllers/user/user.go:49.3,60.17 4 1
ecommerce/delivery/controllers/user/user.go:64.3,69.41 2 1
ecommerce/delivery/controllers/user/user.go:45.45,47.4 1 0
ecommerce/delivery/controllers/user/user.go:60.17,62.4 1 1
ecommerce/delivery/controllers/user/user.go:73.61,75.36 1 1
ecommerce/delivery/controllers/user/user.go:75.36,80.48 5 1
ecommerce/delivery/controllers/user/user.go:84.3,94.59 3 1
ecommerce/delivery/controllers/user/user.go:98.3,103.41 2 1
ecommerce/delivery/controllers/user/user.go:80.48,82.4 1 0
ecommerce/delivery/controllers/user/user.go:94.59,96.4 1 1
ecommerce/delivery/controllers/user/user.go:107.61,109.36 1 1
ecommerce/delivery/controllers/user/user.go:109.36,114.17 5 1
ecommerce/delivery/controllers/user/user.go:118.3,123.41 2 1
ecommerce/delivery/controllers/user/user.go:114.17,116.4 1 1
