mode: set
ecommerce/repository/orders/order.go:13.49,15.2 1 1
ecommerce/repository/orders/order.go:17.73,19.77 2 1
ecommerce/repository/orders/order.go:22.2,22.20 1 1
ecommerce/repository/orders/order.go:19.77,21.3 1 1
ecommerce/repository/orders/order.go:25.77,27.88 2 1
ecommerce/repository/orders/order.go:30.2,30.19 1 1
ecommerce/repository/orders/order.go:27.88,29.3 1 1
ecommerce/repository/orders/order.go:33.95,36.103 2 1
ecommerce/repository/orders/order.go:40.2,41.41 2 1
ecommerce/repository/orders/order.go:45.2,48.25 2 1
ecommerce/repository/orders/order.go:54.2,54.22 1 1
ecommerce/repository/orders/order.go:36.103,38.3 1 1
ecommerce/repository/orders/order.go:41.41,43.3 1 1
ecommerce/repository/orders/order.go:48.25,49.53 1 1
ecommerce/repository/orders/order.go:49.53,51.4 1 0
ecommerce/repository/orders/order.go:57.80,59.89 2 1
ecommerce/repository/orders/order.go:63.2,69.19 5 1
ecommerce/repository/orders/order.go:59.89,61.3 1 1
ecommerce/repository/orders/order.go:72.108,74.88 2 1
ecommerce/repository/orders/order.go:78.2,84.19 5 1
ecommerce/repository/orders/order.go:74.88,76.3 1 1
ecommerce/repository/orders/order.go:87.79,89.88 2 1
ecommerce/repository/orders/order.go:93.2,97.19 3 1
ecommerce/repository/orders/order.go:89.88,91.3 1 1
