mode: set
ecommerce/delivery/controllers/shoppingcart/shoppingcart.go:18.96,20.2 1 1
ecommerce/delivery/controllers/shoppingcart/shoppingcart.go:21.72,22.36 1 1
ecommerce/delivery/controllers/shoppingcart/shoppingcart.go:22.36,28.17 5 1
ecommerce/delivery/controllers/shoppingcart/shoppingcart.go:32.3,36.41 2 1
ecommerce/delivery/controllers/shoppingcart/shoppingcart.go:28.17,30.4 1 1
ecommerce/delivery/controllers/shoppingcart/shoppingcart.go:40.76,41.36 1 1
ecommerce/delivery/controllers/shoppingcart/shoppingcart.go:41.36,47.53 5 1
ecommerce/delivery/controllers/shoppingcart/shoppingcart.go:50.3,58.17 3 1
ecommerce/delivery/controllers/shoppingcart/shoppingcart.go:61.3,64.5 1 1
ecommerce/delivery/controllers/shoppingcart/shoppingcart.go:47.53,49.4 1 0
ecommerce/delivery/controllers/shoppingcart/shoppingcart.go:58.17,60.4 1 1
ecommerce/delivery/controllers/shoppingcart/shoppingcart.go:69.76,71.36 1 1
ecommerce/delivery/controllers/shoppingcart/shoppingcart.go:71.36,74.17 2 1
ecommerce/delivery/controllers/shoppingcart/shoppingcart.go:77.3,82.56 5 1
ecommerce/delivery/controllers/shoppingcart/shoppingcart.go:88.3,93.74 2 1
ecommerce/delivery/controllers/shoppingcart/shoppingcart.go:96.3,96.69 1 1
ecommerce/delivery/controllers/shoppingcart/shoppingcart.go:74.17,76.4 1 1
ecommerce/delivery/controllers/shoppingcart/shoppingcart.go:82.56,84.4 1 0
ecommerce/delivery/controllers/shoppingcart/shoppingcart.go:93.74,95.4 1 1
ecommerce/delivery/controllers/shoppingcart/shoppingcart.go:100.76,102.36 1 1
ecommerce/delivery/controllers/shoppingcart/shoppingcart.go:102.36,105.17 2 1
ecommerce/delivery/controllers/shoppingcart/shoppingcart.go:108.3,115.55 4 1
ecommerce/delivery/controllers/shoppingcart/shoppingcart.go:118.3,118.69 1 1
ecommerce/delivery/controllers/shoppingcart/shoppingcart.go:105.17,107.4 1 1
ecommerce/delivery/controllers/shoppingcart/shoppingcart.go:115.55,117.4 1 1
