mode: set
ecommerce/repository/users/user.go:13.47,15.2 1 1
ecommerce/repository/users/user.go:17.61,19.49 2 1
ecommerce/repository/users/user.go:23.2,23.19 1 1
ecommerce/repository/users/user.go:19.49,21.3 1 0
ecommerce/repository/users/user.go:26.66,28.57 2 1
ecommerce/repository/users/user.go:31.2,31.18 1 1
ecommerce/repository/users/user.go:28.57,30.3 1 1
ecommerce/repository/users/user.go:34.80,36.71 2 1
ecommerce/repository/users/user.go:39.2,41.21 2 1
ecommerce/repository/users/user.go:36.71,38.3 1 1
ecommerce/repository/users/user.go:44.92,46.65 2 1
ecommerce/repository/users/user.go:50.2,56.71 6 1
ecommerce/repository/users/user.go:60.2,62.21 2 1
ecommerce/repository/users/user.go:46.65,48.3 1 1
ecommerce/repository/users/user.go:56.71,58.3 1 0
ecommerce/repository/users/user.go:65.69,67.65 2 1
ecommerce/repository/users/user.go:70.2,72.18 2 1
ecommerce/repository/users/user.go:67.65,69.3 1 1
